<?xml version="1.0" encoding="UTF-8"?>
<testng-results skipped="0" failed="0" total="1" passed="1">
  <reporter-output>
  </reporter-output>
  <suite name="Default suite" duration-ms="69513" started-at="2019-05-29T17:28:33Z" finished-at="2019-05-29T17:29:42Z">
    <groups>
    </groups>
    <test name="Default test" duration-ms="69513" started-at="2019-05-29T17:28:33Z" finished-at="2019-05-29T17:29:42Z">
      <class name="com.EaseMyTripTest">
        <test-method status="PASS" signature="beforeClass()[pri:0, instance:com.EaseMyTripTest@17e2f02]" name="beforeClass" is-config="true" duration-ms="28901" started-at="2019-05-29T22:58:33Z" finished-at="2019-05-29T22:59:02Z">
          <reporter-output>
          </reporter-output>
        </test-method> <!-- beforeClass -->
        <test-method status="PASS" signature="Booking()[pri:0, instance:com.EaseMyTripTest@17e2f02]" name="Booking" duration-ms="38830" started-at="2019-05-29T22:59:02Z" finished-at="2019-05-29T22:59:41Z">
          <reporter-output>
          </reporter-output>
        </test-method> <!-- Booking -->
        <test-method status="PASS" signature="afterClass()[pri:0, instance:com.EaseMyTripTest@17e2f02]" name="afterClass" is-config="true" duration-ms="1723" started-at="2019-05-29T22:59:41Z" finished-at="2019-05-29T22:59:42Z">
          <reporter-output>
          </reporter-output>
        </test-method> <!-- afterClass -->
      </class> <!-- com.EaseMyTripTest -->
    </test> <!-- Default test -->
  </suite> <!-- Default suite -->
</testng-results>
